*** Starting uWSGI 2.0.15 (64bit) on [Sat Feb 24 14:42:55 2018] ***
compiled with version: 4.2.1 Compatible Apple LLVM 9.0.0 (clang-900.0.39.2) on 16 January 2018 16:58:54
os: Darwin-16.7.0 Darwin Kernel Version 16.7.0: Mon Nov 13 21:56:25 PST 2017; root:xnu-3789.72.11~1/RELEASE_X86_64
nodename: wim-iMac.local
machine: x86_64
clock source: unix
pcre jit disabled
detected number of CPU cores: 4
current working directory: /Users/wim/Desktop/wim/poster797/blog_env/my_web
detected binary path: /Users/wim/Desktop/wim/poster797/py3_env/bin/uwsgi
chdir() to /Users/wim/Desktop/wim/poster797/blog_env/my_web
your processes number limit is 709
your memory page size is 4096 bytes
detected max file descriptor number: 10240
lock engine: OSX spinlocks
thunder lock: disabled (you can enable it with --thunder-lock)
uwsgi socket 0 bound to TCP address :8007 fd 3
Python version: 3.6.3 (default, Nov 21 2017, 07:52:48)  [GCC 4.2.1 Compatible Apple LLVM 9.0.0 (clang-900.0.38)]
*** Python threads support is disabled. You can enable it with --enable-threads ***
Python main interpreter initialized at 0x7fe6bd829600
your server socket listen backlog is limited to 100 connections
your mercy for graceful operations on workers is 60 seconds
mapped 145520 bytes (142 KB) for 1 cores
*** Operational MODE: single process ***
Traceback (most recent call last):
  File "./my_web/wsgi.py", line 15, in <module>
    from django.core.wsgi import get_wsgi_application
ModuleNotFoundError: No module named 'django'
unable to load app 0 (mountpoint='') (callable not found or import error)
*** no app loaded. going in full dynamic mode ***
*** uWSGI is running in multiple interpreter mode ***
spawned uWSGI master process (pid: 2251)
spawned uWSGI worker 1 (pid: 2252, cores: 1)
...brutally killing workers...
worker 1 buried after 1 seconds
binary reloading uWSGI...
chdir() to /Users/wim/Desktop/wim/poster797/blog_env/my_web
